<?xml version="1.0" encoding="UTF-8"?>
<testsuite xmlns:xsi="http://www.w3.org/2001/XMLSchema-instance" xsi:noNamespaceSchemaLocation="https://maven.apache.org/surefire/maven-surefire-plugin/xsd/surefire-test-report-3.0.xsd" version="3.0" name="TestEntities.TestMiembro" time="0.112" tests="5" errors="0" skipped="0" failures="1">
  <properties>
    <property name="java.specification.version" value="20"/>
    <property name="sun.cpu.isalist" value="amd64"/>
    <property name="sun.jnu.encoding" value="Cp1252"/>
    <property name="java.class.path" value="C:\Users\benja\OneDrive\Documentos\GitHub\tp-anual\target\test-classes;C:\Users\benja\OneDrive\Documentos\GitHub\tp-anual\target\classes;C:\Users\benja\.m2\repository\org\junit\jupiter\junit-jupiter-api\5.9.0\junit-jupiter-api-5.9.0.jar;C:\Users\benja\.m2\repository\org\opentest4j\opentest4j\1.2.0\opentest4j-1.2.0.jar;C:\Users\benja\.m2\repository\org\junit\platform\junit-platform-commons\1.9.0\junit-platform-commons-1.9.0.jar;C:\Users\benja\.m2\repository\org\apiguardian\apiguardian-api\1.1.2\apiguardian-api-1.1.2.jar;C:\Users\benja\.m2\repository\com\opencsv\opencsv\5.7.1\opencsv-5.7.1.jar;C:\Users\benja\.m2\repository\org\apache\commons\commons-text\1.10.0\commons-text-1.10.0.jar;C:\Users\benja\.m2\repository\commons-beanutils\commons-beanutils\1.9.4\commons-beanutils-1.9.4.jar;C:\Users\benja\.m2\repository\commons-logging\commons-logging\1.2\commons-logging-1.2.jar;C:\Users\benja\.m2\repository\commons-collections\commons-collections\3.2.2\commons-collections-3.2.2.jar;C:\Users\benja\.m2\repository\org\apache\commons\commons-collections4\4.4\commons-collections4-4.4.jar;C:\Users\benja\.m2\repository\org\projectlombok\lombok\1.18.28\lombok-1.18.28.jar;C:\Users\benja\.m2\repository\com\squareup\retrofit2\retrofit\2.9.0\retrofit-2.9.0.jar;C:\Users\benja\.m2\repository\com\squareup\okhttp3\okhttp\3.14.9\okhttp-3.14.9.jar;C:\Users\benja\.m2\repository\com\squareup\okio\okio\1.17.2\okio-1.17.2.jar;C:\Users\benja\.m2\repository\com\squareup\retrofit2\converter-gson\2.9.0\converter-gson-2.9.0.jar;C:\Users\benja\.m2\repository\com\google\code\gson\gson\2.8.5\gson-2.8.5.jar;C:\Users\benja\.m2\repository\com\sparkjava\spark-core\2.9.4\spark-core-2.9.4.jar;C:\Users\benja\.m2\repository\org\eclipse\jetty\jetty-server\9.4.48.v20220622\jetty-server-9.4.48.v20220622.jar;C:\Users\benja\.m2\repository\org\eclipse\jetty\jetty-http\9.4.48.v20220622\jetty-http-9.4.48.v20220622.jar;C:\Users\benja\.m2\repository\org\eclipse\jetty\jetty-util\9.4.48.v20220622\jetty-util-9.4.48.v20220622.jar;C:\Users\benja\.m2\repository\org\eclipse\jetty\jetty-io\9.4.48.v20220622\jetty-io-9.4.48.v20220622.jar;C:\Users\benja\.m2\repository\org\eclipse\jetty\jetty-webapp\9.4.48.v20220622\jetty-webapp-9.4.48.v20220622.jar;C:\Users\benja\.m2\repository\org\eclipse\jetty\jetty-xml\9.4.48.v20220622\jetty-xml-9.4.48.v20220622.jar;C:\Users\benja\.m2\repository\org\eclipse\jetty\jetty-servlet\9.4.48.v20220622\jetty-servlet-9.4.48.v20220622.jar;C:\Users\benja\.m2\repository\org\eclipse\jetty\jetty-security\9.4.48.v20220622\jetty-security-9.4.48.v20220622.jar;C:\Users\benja\.m2\repository\org\eclipse\jetty\jetty-util-ajax\9.4.48.v20220622\jetty-util-ajax-9.4.48.v20220622.jar;C:\Users\benja\.m2\repository\org\eclipse\jetty\websocket\websocket-server\9.4.48.v20220622\websocket-server-9.4.48.v20220622.jar;C:\Users\benja\.m2\repository\org\eclipse\jetty\websocket\websocket-common\9.4.48.v20220622\websocket-common-9.4.48.v20220622.jar;C:\Users\benja\.m2\repository\org\eclipse\jetty\websocket\websocket-client\9.4.48.v20220622\websocket-client-9.4.48.v20220622.jar;C:\Users\benja\.m2\repository\org\eclipse\jetty\jetty-client\9.4.48.v20220622\jetty-client-9.4.48.v20220622.jar;C:\Users\benja\.m2\repository\org\eclipse\jetty\websocket\websocket-servlet\9.4.48.v20220622\websocket-servlet-9.4.48.v20220622.jar;C:\Users\benja\.m2\repository\org\eclipse\jetty\websocket\websocket-api\9.4.48.v20220622\websocket-api-9.4.48.v20220622.jar;C:\Users\benja\.m2\repository\com\sparkjava\spark-template-handlebars\2.7.1\spark-template-handlebars-2.7.1.jar;C:\Users\benja\.m2\repository\com\github\jknack\handlebars\4.0.6\handlebars-4.0.6.jar;C:\Users\benja\.m2\repository\org\antlr\antlr4-runtime\4.5.1-1\antlr4-runtime-4.5.1-1.jar;C:\Users\benja\.m2\repository\org\mozilla\rhino\1.7R4\rhino-1.7R4.jar;C:\Users\benja\.m2\repository\com\github\jknack\handlebars-guava-cache\4.0.6\handlebars-guava-cache-4.0.6.jar;C:\Users\benja\.m2\repository\com\google\guava\guava\14.0.1\guava-14.0.1.jar;C:\Users\benja\.m2\repository\com\sparkjava\spark-debug-tools\0.5\spark-debug-tools-0.5.jar;C:\Users\benja\.m2\repository\com\github\jknack\handlebars-helpers\4.2.0\handlebars-helpers-4.2.0.jar;C:\Users\benja\.m2\repository\com\github\jknack\handlebars-humanize\4.2.0\handlebars-humanize-4.2.0.jar;C:\Users\benja\.m2\repository\com\github\mfornos\humanize-slim\1.2.2\humanize-slim-1.2.2.jar;C:\Users\benja\.m2\repository\org\ocpsoft\prettytime\prettytime\3.2.5.Final\prettytime-3.2.5.Final.jar;C:\Users\benja\.m2\repository\me\xuender\unidecode\0.0.7\unidecode-0.0.7.jar;C:\Users\benja\.m2\repository\com\google\code\findbugs\jsr305\1.3.9\jsr305-1.3.9.jar;C:\Users\benja\.m2\repository\com\auth0\mvc-auth-commons\1.10.0\mvc-auth-commons-1.10.0.jar;C:\Users\benja\.m2\repository\com\auth0\auth0\1.45.0\auth0-1.45.0.jar;C:\Users\benja\.m2\repository\com\squareup\okhttp3\logging-interceptor\4.10.0\logging-interceptor-4.10.0.jar;C:\Users\benja\.m2\repository\org\jetbrains\kotlin\kotlin-stdlib-jdk8\1.6.10\kotlin-stdlib-jdk8-1.6.10.jar;C:\Users\benja\.m2\repository\org\jetbrains\kotlin\kotlin-stdlib\1.6.10\kotlin-stdlib-1.6.10.jar;C:\Users\benja\.m2\repository\org\jetbrains\annotations\13.0\annotations-13.0.jar;C:\Users\benja\.m2\repository\org\jetbrains\kotlin\kotlin-stdlib-common\1.6.10\kotlin-stdlib-common-1.6.10.jar;C:\Users\benja\.m2\repository\org\jetbrains\kotlin\kotlin-stdlib-jdk7\1.6.10\kotlin-stdlib-jdk7-1.6.10.jar;C:\Users\benja\.m2\repository\com\fasterxml\jackson\core\jackson-databind\2.13.4.2\jackson-databind-2.13.4.2.jar;C:\Users\benja\.m2\repository\com\fasterxml\jackson\core\jackson-annotations\2.13.4\jackson-annotations-2.13.4.jar;C:\Users\benja\.m2\repository\com\fasterxml\jackson\core\jackson-core\2.13.4\jackson-core-2.13.4.jar;C:\Users\benja\.m2\repository\net\jodah\failsafe\2.4.1\failsafe-2.4.1.jar;C:\Users\benja\.m2\repository\com\auth0\java-jwt\3.19.4\java-jwt-3.19.4.jar;C:\Users\benja\.m2\repository\com\auth0\jwks-rsa\0.21.3\jwks-rsa-0.21.3.jar;C:\Users\benja\.m2\repository\com\google\guava\guava-annotations\r03\guava-annotations-r03.jar;C:\Users\benja\.m2\repository\commons-codec\commons-codec\1.15\commons-codec-1.15.jar;C:\Users\benja\.m2\repository\javax\servlet\javax.servlet-api\3.1.0\javax.servlet-api-3.1.0.jar;C:\Users\benja\.m2\repository\org\uqbar-project\jpa-java8-extras\1.0-alpha-1\jpa-java8-extras-1.0-alpha-1.jar;C:\Users\benja\.m2\repository\org\hibernate\javax\persistence\hibernate-jpa-2.1-api\1.0.0.Final\hibernate-jpa-2.1-api-1.0.0.Final.jar;C:\Users\benja\.m2\repository\mysql\mysql-connector-java\8.0.28\mysql-connector-java-8.0.28.jar;C:\Users\benja\.m2\repository\com\google\protobuf\protobuf-java\3.11.4\protobuf-java-3.11.4.jar;C:\Users\benja\.m2\repository\junit\junit\4.13.2\junit-4.13.2.jar;C:\Users\benja\.m2\repository\org\hamcrest\hamcrest-core\1.3\hamcrest-core-1.3.jar;C:\Users\benja\.m2\repository\org\apache\commons\commons-lang3\3.0\commons-lang3-3.0.jar;C:\Users\benja\.m2\repository\org\hibernate\hibernate-entitymanager\5.4.18.Final\hibernate-entitymanager-5.4.18.Final.jar;C:\Users\benja\.m2\repository\org\jboss\logging\jboss-logging\3.3.2.Final\jboss-logging-3.3.2.Final.jar;C:\Users\benja\.m2\repository\org\dom4j\dom4j\2.1.3\dom4j-2.1.3.jar;C:\Users\benja\.m2\repository\org\hibernate\common\hibernate-commons-annotations\5.1.0.Final\hibernate-commons-annotations-5.1.0.Final.jar;C:\Users\benja\.m2\repository\net\bytebuddy\byte-buddy\1.10.10\byte-buddy-1.10.10.jar;C:\Users\benja\.m2\repository\org\jboss\spec\javax\transaction\jboss-transaction-api_1.2_spec\1.1.1.Final\jboss-transaction-api_1.2_spec-1.1.1.Final.jar;C:\Users\benja\.m2\repository\org\hibernate\hibernate-core\5.4.18.Final\hibernate-core-5.4.18.Final.jar;C:\Users\benja\.m2\repository\org\javassist\javassist\3.24.0-GA\javassist-3.24.0-GA.jar;C:\Users\benja\.m2\repository\antlr\antlr\2.7.7\antlr-2.7.7.jar;C:\Users\benja\.m2\repository\org\jboss\jandex\2.1.3.Final\jandex-2.1.3.Final.jar;C:\Users\benja\.m2\repository\com\fasterxml\classmate\1.5.1\classmate-1.5.1.jar;C:\Users\benja\.m2\repository\javax\xml\bind\jaxb-api\2.3.1\jaxb-api-2.3.1.jar;C:\Users\benja\.m2\repository\org\glassfish\jaxb\jaxb-runtime\2.3.1\jaxb-runtime-2.3.1.jar;C:\Users\benja\.m2\repository\org\glassfish\jaxb\txw2\2.3.1\txw2-2.3.1.jar;C:\Users\benja\.m2\repository\com\sun\istack\istack-commons-runtime\3.0.7\istack-commons-runtime-3.0.7.jar;C:\Users\benja\.m2\repository\org\jvnet\staxex\stax-ex\1.8\stax-ex-1.8.jar;C:\Users\benja\.m2\repository\com\sun\xml\fastinfoset\FastInfoset\1.2.15\FastInfoset-1.2.15.jar;C:\Users\benja\.m2\repository\javax\persistence\javax.persistence-api\2.2\javax.persistence-api-2.2.jar;C:\Users\benja\.m2\repository\org\quartz-scheduler\quartz\2.3.2\quartz-2.3.2.jar;C:\Users\benja\.m2\repository\com\mchange\c3p0\0.9.5.4\c3p0-0.9.5.4.jar;C:\Users\benja\.m2\repository\com\mchange\mchange-commons-java\0.2.15\mchange-commons-java-0.2.15.jar;C:\Users\benja\.m2\repository\com\zaxxer\HikariCP-java7\2.4.13\HikariCP-java7-2.4.13.jar;C:\Users\benja\.m2\repository\com\sun\mail\javax.mail\1.6.2\javax.mail-1.6.2.jar;C:\Users\benja\.m2\repository\javax\activation\activation\1.1\activation-1.1.jar;C:\Users\benja\.m2\repository\javax\mail\javax.mail-api\1.6.2\javax.mail-api-1.6.2.jar;C:\Users\benja\.m2\repository\javax\activation\javax.activation-api\1.2.0\javax.activation-api-1.2.0.jar;C:\Users\benja\.m2\repository\com\mashape\unirest\unirest-java\1.4.9\unirest-java-1.4.9.jar;C:\Users\benja\.m2\repository\org\apache\httpcomponents\httpclient\4.5.2\httpclient-4.5.2.jar;C:\Users\benja\.m2\repository\org\apache\httpcomponents\httpcore\4.4.4\httpcore-4.4.4.jar;C:\Users\benja\.m2\repository\org\apache\httpcomponents\httpasyncclient\4.1.1\httpasyncclient-4.1.1.jar;C:\Users\benja\.m2\repository\org\apache\httpcomponents\httpcore-nio\4.4.4\httpcore-nio-4.4.4.jar;C:\Users\benja\.m2\repository\org\apache\httpcomponents\httpmime\4.5.2\httpmime-4.5.2.jar;C:\Users\benja\.m2\repository\org\json\json\20160212\json-20160212.jar;C:\Users\benja\.m2\repository\org\slf4j\slf4j-api\1.7.5\slf4j-api-1.7.5.jar;C:\Users\benja\.m2\repository\org\slf4j\slf4j-log4j12\1.7.5\slf4j-log4j12-1.7.5.jar;C:\Users\benja\.m2\repository\log4j\log4j\1.2.17\log4j-1.2.17.jar;"/>
    <property name="java.vm.vendor" value="Oracle Corporation"/>
    <property name="sun.arch.data.model" value="64"/>
    <property name="user.variant" value=""/>
    <property name="java.vendor.url" value="https://java.oracle.com/"/>
    <property name="user.timezone" value="America/Buenos_Aires"/>
    <property name="os.name" value="Windows 10"/>
    <property name="java.vm.specification.version" value="20"/>
    <property name="sun.java.launcher" value="SUN_STANDARD"/>
    <property name="user.country" value="AR"/>
    <property name="sun.boot.library.path" value="C:\Program Files\OpenJDK\jdk-20.0.2\bin"/>
    <property name="sun.java.command" value="C:\Users\benja\AppData\Local\Temp\surefire6266927692211229861\surefirebooter-20231024222132760_3.jar C:\Users\benja\AppData\Local\Temp\surefire6266927692211229861 2023-10-24T22-21-32_581-jvmRun1 surefire-20231024222132760_1tmp surefire_0-20231024222132760_2tmp"/>
    <property name="jdk.debug" value="release"/>
    <property name="surefire.test.class.path" value="C:\Users\benja\OneDrive\Documentos\GitHub\tp-anual\target\test-classes;C:\Users\benja\OneDrive\Documentos\GitHub\tp-anual\target\classes;C:\Users\benja\.m2\repository\org\junit\jupiter\junit-jupiter-api\5.9.0\junit-jupiter-api-5.9.0.jar;C:\Users\benja\.m2\repository\org\opentest4j\opentest4j\1.2.0\opentest4j-1.2.0.jar;C:\Users\benja\.m2\repository\org\junit\platform\junit-platform-commons\1.9.0\junit-platform-commons-1.9.0.jar;C:\Users\benja\.m2\repository\org\apiguardian\apiguardian-api\1.1.2\apiguardian-api-1.1.2.jar;C:\Users\benja\.m2\repository\com\opencsv\opencsv\5.7.1\opencsv-5.7.1.jar;C:\Users\benja\.m2\repository\org\apache\commons\commons-text\1.10.0\commons-text-1.10.0.jar;C:\Users\benja\.m2\repository\commons-beanutils\commons-beanutils\1.9.4\commons-beanutils-1.9.4.jar;C:\Users\benja\.m2\repository\commons-logging\commons-logging\1.2\commons-logging-1.2.jar;C:\Users\benja\.m2\repository\commons-collections\commons-collections\3.2.2\commons-collections-3.2.2.jar;C:\Users\benja\.m2\repository\org\apache\commons\commons-collections4\4.4\commons-collections4-4.4.jar;C:\Users\benja\.m2\repository\org\projectlombok\lombok\1.18.28\lombok-1.18.28.jar;C:\Users\benja\.m2\repository\com\squareup\retrofit2\retrofit\2.9.0\retrofit-2.9.0.jar;C:\Users\benja\.m2\repository\com\squareup\okhttp3\okhttp\3.14.9\okhttp-3.14.9.jar;C:\Users\benja\.m2\repository\com\squareup\okio\okio\1.17.2\okio-1.17.2.jar;C:\Users\benja\.m2\repository\com\squareup\retrofit2\converter-gson\2.9.0\converter-gson-2.9.0.jar;C:\Users\benja\.m2\repository\com\google\code\gson\gson\2.8.5\gson-2.8.5.jar;C:\Users\benja\.m2\repository\com\sparkjava\spark-core\2.9.4\spark-core-2.9.4.jar;C:\Users\benja\.m2\repository\org\eclipse\jetty\jetty-server\9.4.48.v20220622\jetty-server-9.4.48.v20220622.jar;C:\Users\benja\.m2\repository\org\eclipse\jetty\jetty-http\9.4.48.v20220622\jetty-http-9.4.48.v20220622.jar;C:\Users\benja\.m2\repository\org\eclipse\jetty\jetty-util\9.4.48.v20220622\jetty-util-9.4.48.v20220622.jar;C:\Users\benja\.m2\repository\org\eclipse\jetty\jetty-io\9.4.48.v20220622\jetty-io-9.4.48.v20220622.jar;C:\Users\benja\.m2\repository\org\eclipse\jetty\jetty-webapp\9.4.48.v20220622\jetty-webapp-9.4.48.v20220622.jar;C:\Users\benja\.m2\repository\org\eclipse\jetty\jetty-xml\9.4.48.v20220622\jetty-xml-9.4.48.v20220622.jar;C:\Users\benja\.m2\repository\org\eclipse\jetty\jetty-servlet\9.4.48.v20220622\jetty-servlet-9.4.48.v20220622.jar;C:\Users\benja\.m2\repository\org\eclipse\jetty\jetty-security\9.4.48.v20220622\jetty-security-9.4.48.v20220622.jar;C:\Users\benja\.m2\repository\org\eclipse\jetty\jetty-util-ajax\9.4.48.v20220622\jetty-util-ajax-9.4.48.v20220622.jar;C:\Users\benja\.m2\repository\org\eclipse\jetty\websocket\websocket-server\9.4.48.v20220622\websocket-server-9.4.48.v20220622.jar;C:\Users\benja\.m2\repository\org\eclipse\jetty\websocket\websocket-common\9.4.48.v20220622\websocket-common-9.4.48.v20220622.jar;C:\Users\benja\.m2\repository\org\eclipse\jetty\websocket\websocket-client\9.4.48.v20220622\websocket-client-9.4.48.v20220622.jar;C:\Users\benja\.m2\repository\org\eclipse\jetty\jetty-client\9.4.48.v20220622\jetty-client-9.4.48.v20220622.jar;C:\Users\benja\.m2\repository\org\eclipse\jetty\websocket\websocket-servlet\9.4.48.v20220622\websocket-servlet-9.4.48.v20220622.jar;C:\Users\benja\.m2\repository\org\eclipse\jetty\websocket\websocket-api\9.4.48.v20220622\websocket-api-9.4.48.v20220622.jar;C:\Users\benja\.m2\repository\com\sparkjava\spark-template-handlebars\2.7.1\spark-template-handlebars-2.7.1.jar;C:\Users\benja\.m2\repository\com\github\jknack\handlebars\4.0.6\handlebars-4.0.6.jar;C:\Users\benja\.m2\repository\org\antlr\antlr4-runtime\4.5.1-1\antlr4-runtime-4.5.1-1.jar;C:\Users\benja\.m2\repository\org\mozilla\rhino\1.7R4\rhino-1.7R4.jar;C:\Users\benja\.m2\repository\com\github\jknack\handlebars-guava-cache\4.0.6\handlebars-guava-cache-4.0.6.jar;C:\Users\benja\.m2\repository\com\google\guava\guava\14.0.1\guava-14.0.1.jar;C:\Users\benja\.m2\repository\com\sparkjava\spark-debug-tools\0.5\spark-debug-tools-0.5.jar;C:\Users\benja\.m2\repository\com\github\jknack\handlebars-helpers\4.2.0\handlebars-helpers-4.2.0.jar;C:\Users\benja\.m2\repository\com\github\jknack\handlebars-humanize\4.2.0\handlebars-humanize-4.2.0.jar;C:\Users\benja\.m2\repository\com\github\mfornos\humanize-slim\1.2.2\humanize-slim-1.2.2.jar;C:\Users\benja\.m2\repository\org\ocpsoft\prettytime\prettytime\3.2.5.Final\prettytime-3.2.5.Final.jar;C:\Users\benja\.m2\repository\me\xuender\unidecode\0.0.7\unidecode-0.0.7.jar;C:\Users\benja\.m2\repository\com\google\code\findbugs\jsr305\1.3.9\jsr305-1.3.9.jar;C:\Users\benja\.m2\repository\com\auth0\mvc-auth-commons\1.10.0\mvc-auth-commons-1.10.0.jar;C:\Users\benja\.m2\repository\com\auth0\auth0\1.45.0\auth0-1.45.0.jar;C:\Users\benja\.m2\repository\com\squareup\okhttp3\logging-interceptor\4.10.0\logging-interceptor-4.10.0.jar;C:\Users\benja\.m2\repository\org\jetbrains\kotlin\kotlin-stdlib-jdk8\1.6.10\kotlin-stdlib-jdk8-1.6.10.jar;C:\Users\benja\.m2\repository\org\jetbrains\kotlin\kotlin-stdlib\1.6.10\kotlin-stdlib-1.6.10.jar;C:\Users\benja\.m2\repository\org\jetbrains\annotations\13.0\annotations-13.0.jar;C:\Users\benja\.m2\repository\org\jetbrains\kotlin\kotlin-stdlib-common\1.6.10\kotlin-stdlib-common-1.6.10.jar;C:\Users\benja\.m2\repository\org\jetbrains\kotlin\kotlin-stdlib-jdk7\1.6.10\kotlin-stdlib-jdk7-1.6.10.jar;C:\Users\benja\.m2\repository\com\fasterxml\jackson\core\jackson-databind\2.13.4.2\jackson-databind-2.13.4.2.jar;C:\Users\benja\.m2\repository\com\fasterxml\jackson\core\jackson-annotations\2.13.4\jackson-annotations-2.13.4.jar;C:\Users\benja\.m2\repository\com\fasterxml\jackson\core\jackson-core\2.13.4\jackson-core-2.13.4.jar;C:\Users\benja\.m2\repository\net\jodah\failsafe\2.4.1\failsafe-2.4.1.jar;C:\Users\benja\.m2\repository\com\auth0\java-jwt\3.19.4\java-jwt-3.19.4.jar;C:\Users\benja\.m2\repository\com\auth0\jwks-rsa\0.21.3\jwks-rsa-0.21.3.jar;C:\Users\benja\.m2\repository\com\google\guava\guava-annotations\r03\guava-annotations-r03.jar;C:\Users\benja\.m2\repository\commons-codec\commons-codec\1.15\commons-codec-1.15.jar;C:\Users\benja\.m2\repository\javax\servlet\javax.servlet-api\3.1.0\javax.servlet-api-3.1.0.jar;C:\Users\benja\.m2\repository\org\uqbar-project\jpa-java8-extras\1.0-alpha-1\jpa-java8-extras-1.0-alpha-1.jar;C:\Users\benja\.m2\repository\org\hibernate\javax\persistence\hibernate-jpa-2.1-api\1.0.0.Final\hibernate-jpa-2.1-api-1.0.0.Final.jar;C:\Users\benja\.m2\repository\mysql\mysql-connector-java\8.0.28\mysql-connector-java-8.0.28.jar;C:\Users\benja\.m2\repository\com\google\protobuf\protobuf-java\3.11.4\protobuf-java-3.11.4.jar;C:\Users\benja\.m2\repository\junit\junit\4.13.2\junit-4.13.2.jar;C:\Users\benja\.m2\repository\org\hamcrest\hamcrest-core\1.3\hamcrest-core-1.3.jar;C:\Users\benja\.m2\repository\org\apache\commons\commons-lang3\3.0\commons-lang3-3.0.jar;C:\Users\benja\.m2\repository\org\hibernate\hibernate-entitymanager\5.4.18.Final\hibernate-entitymanager-5.4.18.Final.jar;C:\Users\benja\.m2\repository\org\jboss\logging\jboss-logging\3.3.2.Final\jboss-logging-3.3.2.Final.jar;C:\Users\benja\.m2\repository\org\dom4j\dom4j\2.1.3\dom4j-2.1.3.jar;C:\Users\benja\.m2\repository\org\hibernate\common\hibernate-commons-annotations\5.1.0.Final\hibernate-commons-annotations-5.1.0.Final.jar;C:\Users\benja\.m2\repository\net\bytebuddy\byte-buddy\1.10.10\byte-buddy-1.10.10.jar;C:\Users\benja\.m2\repository\org\jboss\spec\javax\transaction\jboss-transaction-api_1.2_spec\1.1.1.Final\jboss-transaction-api_1.2_spec-1.1.1.Final.jar;C:\Users\benja\.m2\repository\org\hibernate\hibernate-core\5.4.18.Final\hibernate-core-5.4.18.Final.jar;C:\Users\benja\.m2\repository\org\javassist\javassist\3.24.0-GA\javassist-3.24.0-GA.jar;C:\Users\benja\.m2\repository\antlr\antlr\2.7.7\antlr-2.7.7.jar;C:\Users\benja\.m2\repository\org\jboss\jandex\2.1.3.Final\jandex-2.1.3.Final.jar;C:\Users\benja\.m2\repository\com\fasterxml\classmate\1.5.1\classmate-1.5.1.jar;C:\Users\benja\.m2\repository\javax\xml\bind\jaxb-api\2.3.1\jaxb-api-2.3.1.jar;C:\Users\benja\.m2\repository\org\glassfish\jaxb\jaxb-runtime\2.3.1\jaxb-runtime-2.3.1.jar;C:\Users\benja\.m2\repository\org\glassfish\jaxb\txw2\2.3.1\txw2-2.3.1.jar;C:\Users\benja\.m2\repository\com\sun\istack\istack-commons-runtime\3.0.7\istack-commons-runtime-3.0.7.jar;C:\Users\benja\.m2\repository\org\jvnet\staxex\stax-ex\1.8\stax-ex-1.8.jar;C:\Users\benja\.m2\repository\com\sun\xml\fastinfoset\FastInfoset\1.2.15\FastInfoset-1.2.15.jar;C:\Users\benja\.m2\repository\javax\persistence\javax.persistence-api\2.2\javax.persistence-api-2.2.jar;C:\Users\benja\.m2\repository\org\quartz-scheduler\quartz\2.3.2\quartz-2.3.2.jar;C:\Users\benja\.m2\repository\com\mchange\c3p0\0.9.5.4\c3p0-0.9.5.4.jar;C:\Users\benja\.m2\repository\com\mchange\mchange-commons-java\0.2.15\mchange-commons-java-0.2.15.jar;C:\Users\benja\.m2\repository\com\zaxxer\HikariCP-java7\2.4.13\HikariCP-java7-2.4.13.jar;C:\Users\benja\.m2\repository\com\sun\mail\javax.mail\1.6.2\javax.mail-1.6.2.jar;C:\Users\benja\.m2\repository\javax\activation\activation\1.1\activation-1.1.jar;C:\Users\benja\.m2\repository\javax\mail\javax.mail-api\1.6.2\javax.mail-api-1.6.2.jar;C:\Users\benja\.m2\repository\javax\activation\javax.activation-api\1.2.0\javax.activation-api-1.2.0.jar;C:\Users\benja\.m2\repository\com\mashape\unirest\unirest-java\1.4.9\unirest-java-1.4.9.jar;C:\Users\benja\.m2\repository\org\apache\httpcomponents\httpclient\4.5.2\httpclient-4.5.2.jar;C:\Users\benja\.m2\repository\org\apache\httpcomponents\httpcore\4.4.4\httpcore-4.4.4.jar;C:\Users\benja\.m2\repository\org\apache\httpcomponents\httpasyncclient\4.1.1\httpasyncclient-4.1.1.jar;C:\Users\benja\.m2\repository\org\apache\httpcomponents\httpcore-nio\4.4.4\httpcore-nio-4.4.4.jar;C:\Users\benja\.m2\repository\org\apache\httpcomponents\httpmime\4.5.2\httpmime-4.5.2.jar;C:\Users\benja\.m2\repository\org\json\json\20160212\json-20160212.jar;C:\Users\benja\.m2\repository\org\slf4j\slf4j-api\1.7.5\slf4j-api-1.7.5.jar;C:\Users\benja\.m2\repository\org\slf4j\slf4j-log4j12\1.7.5\slf4j-log4j12-1.7.5.jar;C:\Users\benja\.m2\repository\log4j\log4j\1.2.17\log4j-1.2.17.jar;"/>
    <property name="sun.cpu.endian" value="little"/>
    <property name="user.home" value="C:\Users\benja"/>
    <property name="user.language" value="es"/>
    <property name="java.specification.vendor" value="Oracle Corporation"/>
    <property name="java.version.date" value="2023-07-18"/>
    <property name="java.home" value="C:\Program Files\OpenJDK\jdk-20.0.2"/>
    <property name="file.separator" value="\"/>
    <property name="basedir" value="C:\Users\benja\OneDrive\Documentos\GitHub\tp-anual"/>
    <property name="java.vm.compressedOopsMode" value="Zero based"/>
    <property name="line.separator" value="&#10;"/>
    <property name="java.vm.specification.vendor" value="Oracle Corporation"/>
    <property name="java.specification.name" value="Java Platform API Specification"/>
    <property name="surefire.real.class.path" value="C:\Users\benja\AppData\Local\Temp\surefire6266927692211229861\surefirebooter-20231024222132760_3.jar"/>
    <property name="user.script" value=""/>
    <property name="sun.management.compiler" value="HotSpot 64-Bit Tiered Compilers"/>
    <property name="java.runtime.version" value="20.0.2+9-78"/>
    <property name="user.name" value="benja"/>
    <property name="stdout.encoding" value="Cp1252"/>
    <property name="path.separator" value=";"/>
    <property name="os.version" value="10.0"/>
    <property name="java.runtime.name" value="OpenJDK Runtime Environment"/>
    <property name="file.encoding" value="UTF-8"/>
    <property name="java.vm.name" value="OpenJDK 64-Bit Server VM"/>
    <property name="localRepository" value="C:\Users\benja\.m2\repository"/>
    <property name="java.vendor.url.bug" value="https://bugreport.java.com/bugreport/"/>
    <property name="java.io.tmpdir" value="C:\Users\benja\AppData\Local\Temp\"/>
    <property name="java.version" value="20.0.2"/>
    <property name="user.dir" value="C:\Users\benja\OneDrive\Documentos\GitHub\tp-anual"/>
    <property name="os.arch" value="amd64"/>
    <property name="java.vm.specification.name" value="Java Virtual Machine Specification"/>
    <property name="sun.os.patch.level" value=""/>
    <property name="native.encoding" value="Cp1252"/>
    <property name="java.library.path" value="C:\Program Files\OpenJDK\jdk-20.0.2\bin;C:\Windows\Sun\Java\bin;C:\Windows\system32;C:\Windows;C:\Program Files\Common Files\Oracle\Java\javapath;C:\Program Files (x86)\Common Files\Oracle\Java\javapath;C:\Windows\system32;C:\Windows;C:\Windows\System32\Wbem;C:\Windows\System32\WindowsPowerShell\v1.0\;C:\Windows\System32\OpenSSH\;C:\Program Files (x86)\NVIDIA Corporation\PhysX\Common;C:\Program Files\NVIDIA Corporation\NVIDIA NvDLISR;C:\Program Files\dotnet\;C:\Program Files\Git\cmd;C:\MinGW\bin;C:\GnuWin32\bin;C:\Program Files (x86)\GnuWin32\bin;C:\MinGW\GnuWin32\bin;C:\xampp\php;C:\ProgramData\ComposerSetup\bin;C:\Users\benja\OneDrive\Escritorio\22-001-08-main;C:\Program Files\nodejs\;C:\Program Files (x86)\Microsoft SQL Server\110\Tools\Binn\;C:\Program Files\Microsoft SQL Server\110\Tools\Binn\;C:\Program Files\Microsoft SQL Server\110\DTS\Binn\;C:\Program Files (x86)\Microsoft SQL Server\110\Tools\Binn\ManagementStudio\;C:\Program Files (x86)\Microsoft SQL Server\110\DTS\Binn\;C:\Program Files\OpenJDK\jdk-20.0.2\bin;C:\Program Files\Maven\apache-maven-3.9.1\bin;;C:\Program Files\Docker\Docker\resources\bin;C:\ProgramData\chocolatey\bin;C:\ProgramData\chocolatey\lib\maven\apache-maven-3.9.4\bin;C:\Users\benja\AppData\Local\Programs\Python\Python311\Scripts\;C:\Users\benja\AppData\Local\Programs\Python\Python311\;C:\Users\benja\AppData\Local\Microsoft\WindowsApps;C:\Users\benja\AppData\Local\Programs\Microsoft VS Code\bin;C:\MinGW\bin;C:\Program Files (x86)\GnuWin32\bin;C:\Users\benja\AppData\Roaming\Composer\vendor\bin;C:\Users\benja\AppData\Roaming\npm;C:\Users\benja\AppData\Local\GitHubDesktop\bin;C:\Program Files\MariaDB 11.1\bin;C:\Users\benja.jdks\semeru-11.0.21\bin;C:\Program Files\Java\jdk1.8.0_221\bin;;."/>
    <property name="java.vm.info" value="mixed mode, sharing"/>
    <property name="stderr.encoding" value="Cp1252"/>
    <property name="java.vendor" value="Oracle Corporation"/>
    <property name="java.vm.version" value="20.0.2+9-78"/>
    <property name="sun.io.unicode.encoding" value="UnicodeLittle"/>
    <property name="java.class.version" value="64.0"/>
  </properties>
  <testcase name="testAgregarComunidadAMiembro" classname="TestEntities.TestMiembro" time="0.04">
    <failure message="expected: &lt;1&gt; but was: &lt;2&gt;" type="org.opentest4j.AssertionFailedError"><![CDATA[org.opentest4j.AssertionFailedError: expected: <1> but was: <2>
	at org.junit.jupiter.api.AssertionFailureBuilder.build(AssertionFailureBuilder.java:151)
	at org.junit.jupiter.api.AssertionFailureBuilder.buildAndThrow(AssertionFailureBuilder.java:132)
	at org.junit.jupiter.api.AssertEquals.failNotEqual(AssertEquals.java:197)
	at org.junit.jupiter.api.AssertEquals.assertEquals(AssertEquals.java:182)
	at org.junit.jupiter.api.AssertEquals.assertEquals(AssertEquals.java:177)
	at org.junit.jupiter.api.Assertions.assertEquals(Assertions.java:551)
	at TestEntities.TestMiembro.testAgregarComunidadAMiembro(TestMiembro.java:87)
	at java.base/jdk.internal.reflect.DirectMethodHandleAccessor.invoke(DirectMethodHandleAccessor.java:104)
	at java.base/java.lang.reflect.Method.invoke(Method.java:578)
	at org.junit.platform.commons.util.ReflectionUtils.invokeMethod(ReflectionUtils.java:727)
	at org.junit.jupiter.engine.execution.MethodInvocation.proceed(MethodInvocation.java:60)
	at org.junit.jupiter.engine.execution.InvocationInterceptorChain$ValidatingInvocation.proceed(InvocationInterceptorChain.java:131)
	at org.junit.jupiter.engine.extension.TimeoutExtension.intercept(TimeoutExtension.java:156)
	at org.junit.jupiter.engine.extension.TimeoutExtension.interceptTestableMethod(TimeoutExtension.java:147)
	at org.junit.jupiter.engine.extension.TimeoutExtension.interceptTestMethod(TimeoutExtension.java:86)
	at org.junit.jupiter.engine.execution.InterceptingExecutableInvoker$ReflectiveInterceptorCall.lambda$ofVoidMethod$0(InterceptingExecutableInvoker.java:103)
	at org.junit.jupiter.engine.execution.InterceptingExecutableInvoker.lambda$invoke$0(InterceptingExecutableInvoker.java:93)
	at org.junit.jupiter.engine.execution.InvocationInterceptorChain$InterceptedInvocation.proceed(InvocationInterceptorChain.java:106)
	at org.junit.jupiter.engine.execution.InvocationInterceptorChain.proceed(InvocationInterceptorChain.java:64)
	at org.junit.jupiter.engine.execution.InvocationInterceptorChain.chainAndInvoke(InvocationInterceptorChain.java:45)
	at org.junit.jupiter.engine.execution.InvocationInterceptorChain.invoke(InvocationInterceptorChain.java:37)
	at org.junit.jupiter.engine.execution.InterceptingExecutableInvoker.invoke(InterceptingExecutableInvoker.java:92)
	at org.junit.jupiter.engine.execution.InterceptingExecutableInvoker.invoke(InterceptingExecutableInvoker.java:86)
	at org.junit.jupiter.engine.descriptor.TestMethodTestDescriptor.lambda$invokeTestMethod$7(TestMethodTestDescriptor.java:217)
	at org.junit.platform.engine.support.hierarchical.ThrowableCollector.execute(ThrowableCollector.java:73)
	at org.junit.jupiter.engine.descriptor.TestMethodTestDescriptor.invokeTestMethod(TestMethodTestDescriptor.java:213)
	at org.junit.jupiter.engine.descriptor.TestMethodTestDescriptor.execute(TestMethodTestDescriptor.java:138)
	at org.junit.jupiter.engine.descriptor.TestMethodTestDescriptor.execute(TestMethodTestDescriptor.java:68)
	at org.junit.platform.engine.support.hierarchical.NodeTestTask.lambda$executeRecursively$6(NodeTestTask.java:151)
	at org.junit.platform.engine.support.hierarchical.ThrowableCollector.execute(ThrowableCollector.java:73)
	at org.junit.platform.engine.support.hierarchical.NodeTestTask.lambda$executeRecursively$8(NodeTestTask.java:141)
	at org.junit.platform.engine.support.hierarchical.Node.around(Node.java:137)
	at org.junit.platform.engine.support.hierarchical.NodeTestTask.lambda$executeRecursively$9(NodeTestTask.java:139)
	at org.junit.platform.engine.support.hierarchical.ThrowableCollector.execute(ThrowableCollector.java:73)
	at org.junit.platform.engine.support.hierarchical.NodeTestTask.executeRecursively(NodeTestTask.java:138)
	at org.junit.platform.engine.support.hierarchical.NodeTestTask.execute(NodeTestTask.java:95)
	at java.base/java.util.ArrayList.forEach(ArrayList.java:1511)
	at org.junit.platform.engine.support.hierarchical.SameThreadHierarchicalTestExecutorService.invokeAll(SameThreadHierarchicalTestExecutorService.java:41)
	at org.junit.platform.engine.support.hierarchical.NodeTestTask.lambda$executeRecursively$6(NodeTestTask.java:155)
	at org.junit.platform.engine.support.hierarchical.ThrowableCollector.execute(ThrowableCollector.java:73)
	at org.junit.platform.engine.support.hierarchical.NodeTestTask.lambda$executeRecursively$8(NodeTestTask.java:141)
	at org.junit.platform.engine.support.hierarchical.Node.around(Node.java:137)
	at org.junit.platform.engine.support.hierarchical.NodeTestTask.lambda$executeRecursively$9(NodeTestTask.java:139)
	at org.junit.platform.engine.support.hierarchical.ThrowableCollector.execute(ThrowableCollector.java:73)
	at org.junit.platform.engine.support.hierarchical.NodeTestTask.executeRecursively(NodeTestTask.java:138)
	at org.junit.platform.engine.support.hierarchical.NodeTestTask.execute(NodeTestTask.java:95)
	at java.base/java.util.ArrayList.forEach(ArrayList.java:1511)
	at org.junit.platform.engine.support.hierarchical.SameThreadHierarchicalTestExecutorService.invokeAll(SameThreadHierarchicalTestExecutorService.java:41)
	at org.junit.platform.engine.support.hierarchical.NodeTestTask.lambda$executeRecursively$6(NodeTestTask.java:155)
	at org.junit.platform.engine.support.hierarchical.ThrowableCollector.execute(ThrowableCollector.java:73)
	at org.junit.platform.engine.support.hierarchical.NodeTestTask.lambda$executeRecursively$8(NodeTestTask.java:141)
	at org.junit.platform.engine.support.hierarchical.Node.around(Node.java:137)
	at org.junit.platform.engine.support.hierarchical.NodeTestTask.lambda$executeRecursively$9(NodeTestTask.java:139)
	at org.junit.platform.engine.support.hierarchical.ThrowableCollector.execute(ThrowableCollector.java:73)
	at org.junit.platform.engine.support.hierarchical.NodeTestTask.executeRecursively(NodeTestTask.java:138)
	at org.junit.platform.engine.support.hierarchical.NodeTestTask.execute(NodeTestTask.java:95)
	at org.junit.platform.engine.support.hierarchical.SameThreadHierarchicalTestExecutorService.submit(SameThreadHierarchicalTestExecutorService.java:35)
	at org.junit.platform.engine.support.hierarchical.HierarchicalTestExecutor.execute(HierarchicalTestExecutor.java:57)
	at org.junit.platform.engine.support.hierarchical.HierarchicalTestEngine.execute(HierarchicalTestEngine.java:54)
	at org.junit.platform.launcher.core.EngineExecutionOrchestrator.execute(EngineExecutionOrchestrator.java:147)
	at org.junit.platform.launcher.core.EngineExecutionOrchestrator.execute(EngineExecutionOrchestrator.java:127)
	at org.junit.platform.launcher.core.EngineExecutionOrchestrator.execute(EngineExecutionOrchestrator.java:90)
	at org.junit.platform.launcher.core.EngineExecutionOrchestrator.lambda$execute$0(EngineExecutionOrchestrator.java:55)
	at org.junit.platform.launcher.core.EngineExecutionOrchestrator.withInterceptedStreams(EngineExecutionOrchestrator.java:102)
	at org.junit.platform.launcher.core.EngineExecutionOrchestrator.execute(EngineExecutionOrchestrator.java:54)
	at org.junit.platform.launcher.core.DefaultLauncher.execute(DefaultLauncher.java:114)
	at org.junit.platform.launcher.core.DefaultLauncher.execute(DefaultLauncher.java:86)
	at org.junit.platform.launcher.core.DefaultLauncherSession$DelegatingLauncher.execute(DefaultLauncherSession.java:86)
	at org.apache.maven.surefire.junitplatform.LazyLauncher.execute(LazyLauncher.java:50)
	at org.apache.maven.surefire.junitplatform.JUnitPlatformProvider.execute(JUnitPlatformProvider.java:184)
	at org.apache.maven.surefire.junitplatform.JUnitPlatformProvider.invokeAllTests(JUnitPlatformProvider.java:148)
	at org.apache.maven.surefire.junitplatform.JUnitPlatformProvider.invoke(JUnitPlatformProvider.java:122)
	at org.apache.maven.surefire.booter.ForkedBooter.runSuitesInProcess(ForkedBooter.java:385)
	at org.apache.maven.surefire.booter.ForkedBooter.execute(ForkedBooter.java:162)
	at org.apache.maven.surefire.booter.ForkedBooter.run(ForkedBooter.java:507)
	at org.apache.maven.surefire.booter.ForkedBooter.main(ForkedBooter.java:495)
]]></failure>
    <system-out><![CDATA[Hibernate: 
    select
        miembro0_.id as id1_17_0_,
        miembro0_.apellido as apellido2_17_0_,
        miembro0_.deptoId as deptoid9_17_0_,
        miembro0_.mail as mail3_17_0_,
        miembro0_.medioNotificacion as medionot4_17_0_,
        miembro0_.nombre as nombre5_17_0_,
        miembro0_.telefono as telefono6_17_0_,
        miembro0_.tipo as tipo7_17_0_,
        miembro0_.ultimaNotificacion as ultimano8_17_0_,
        miembro0_.usuario_id as usuario10_17_0_,
        localizaci1_.id as id1_15_1_,
        localizaci1_.nombre as nombre2_15_1_,
        localizaci1_.provincia_id as provinci1_7_1_,
        localizaci1_.departamento as departam1_21_1_,
        localizaci1_.provincia as provinci2_21_1_,
        localizaci1_.clazz_ as clazz_1_ 
    from
        Miembro miembro0_ 
    left outer join
        (
            select
                id,
                nombre,
                provincia_id,
                null as departamento,
                null as provincia,
                1 as clazz_ 
            from
                Departamento 
            union
            all select
                id,
                nombre,
                null as provincia_id,
                null as departamento,
                null as provincia,
                2 as clazz_ 
            from
                Provincia 
            union
            all select
                id,
                nombre,
                null as provincia_id,
                departamento,
                provincia,
                3 as clazz_ 
            from
                Municipio 
        ) localizaci1_ 
            on miembro0_.deptoId=localizaci1_.id 
    where
        miembro0_.id=?
Hibernate: 
    select
        comunidad0_.id as id1_5_0_ 
    from
        Comunidad comunidad0_ 
    where
        comunidad0_.id=?
Hibernate: 
    select
        comunidade0_.miembro_id as miembro_2_18_0_,
        comunidade0_.comunidad_id as comunida1_18_0_,
        comunidad1_.id as id1_5_1_ 
    from
        miembros_comunidad comunidade0_ 
    inner join
        Comunidad comunidad1_ 
            on comunidade0_.comunidad_id=comunidad1_.id 
    where
        comunidade0_.miembro_id=?
]]></system-out>
  </testcase>
  <testcase name="testAgregarMiembroAComunidad" classname="TestEntities.TestMiembro" time="0.036">
    <system-out><![CDATA[Hibernate: 
    select
        miembros0_.comunidad_id as comunida1_18_0_,
        miembros0_.miembro_id as miembro_2_18_0_,
        miembro1_.id as id1_17_1_,
        miembro1_.apellido as apellido2_17_1_,
        miembro1_.deptoId as deptoid9_17_1_,
        miembro1_.mail as mail3_17_1_,
        miembro1_.medioNotificacion as medionot4_17_1_,
        miembro1_.nombre as nombre5_17_1_,
        miembro1_.telefono as telefono6_17_1_,
        miembro1_.tipo as tipo7_17_1_,
        miembro1_.ultimaNotificacion as ultimano8_17_1_,
        miembro1_.usuario_id as usuario10_17_1_,
        localizaci2_.id as id1_15_2_,
        localizaci2_.nombre as nombre2_15_2_,
        localizaci2_.provincia_id as provinci1_7_2_,
        localizaci2_.departamento as departam1_21_2_,
        localizaci2_.provincia as provinci2_21_2_,
        localizaci2_.clazz_ as clazz_2_ 
    from
        miembros_comunidad miembros0_ 
    inner join
        Miembro miembro1_ 
            on miembros0_.miembro_id=miembro1_.id 
    left outer join
        (
            select
                id,
                nombre,
                provincia_id,
                null as departamento,
                null as provincia,
                1 as clazz_ 
            from
                Departamento 
            union
            all select
                id,
                nombre,
                null as provincia_id,
                null as departamento,
                null as provincia,
                2 as clazz_ 
            from
                Provincia 
            union
            all select
                id,
                nombre,
                null as provincia_id,
                departamento,
                provincia,
                3 as clazz_ 
            from
                Municipio 
        ) localizaci2_ 
            on miembro1_.deptoId=localizaci2_.id 
    where
        miembros0_.comunidad_id=?
Hibernate: 
    delete 
    from
        miembros_comunidad 
    where
        comunidad_id=?
Hibernate: 
    insert 
    into
        miembros_comunidad
        (comunidad_id, miembro_id) 
    values
        (?, ?)
Hibernate: 
    insert 
    into
        miembros_comunidad
        (comunidad_id, miembro_id) 
    values
        (?, ?)
Hibernate: 
    insert 
    into
        miembros_comunidad
        (comunidad_id, miembro_id) 
    values
        (?, ?)
]]></system-out>
  </testcase>
  <testcase name="testVerificarComunidades" classname="TestEntities.TestMiembro" time="0.008">
    <system-out><![CDATA[Hibernate: 
    select
        comunidad0_.id as id1_5_ 
    from
        Comunidad comunidad0_
]]></system-out>
  </testcase>
  <testcase name="testEliminarMiembroDeComunidad" classname="TestEntities.TestMiembro" time="0.005">
    <system-out><![CDATA[Hibernate: 
    select
        miembros0_.comunidad_id as comunida1_18_0_,
        miembros0_.miembro_id as miembro_2_18_0_,
        miembro1_.id as id1_17_1_,
        miembro1_.apellido as apellido2_17_1_,
        miembro1_.deptoId as deptoid9_17_1_,
        miembro1_.mail as mail3_17_1_,
        miembro1_.medioNotificacion as medionot4_17_1_,
        miembro1_.nombre as nombre5_17_1_,
        miembro1_.telefono as telefono6_17_1_,
        miembro1_.tipo as tipo7_17_1_,
        miembro1_.ultimaNotificacion as ultimano8_17_1_,
        miembro1_.usuario_id as usuario10_17_1_,
        localizaci2_.id as id1_15_2_,
        localizaci2_.nombre as nombre2_15_2_,
        localizaci2_.provincia_id as provinci1_7_2_,
        localizaci2_.departamento as departam1_21_2_,
        localizaci2_.provincia as provinci2_21_2_,
        localizaci2_.clazz_ as clazz_2_ 
    from
        miembros_comunidad miembros0_ 
    inner join
        Miembro miembro1_ 
            on miembros0_.miembro_id=miembro1_.id 
    left outer join
        (
            select
                id,
                nombre,
                provincia_id,
                null as departamento,
                null as provincia,
                1 as clazz_ 
            from
                Departamento 
            union
            all select
                id,
                nombre,
                null as provincia_id,
                null as departamento,
                null as provincia,
                2 as clazz_ 
            from
                Provincia 
            union
            all select
                id,
                nombre,
                null as provincia_id,
                departamento,
                provincia,
                3 as clazz_ 
            from
                Municipio 
        ) localizaci2_ 
            on miembro1_.deptoId=localizaci2_.id 
    where
        miembros0_.comunidad_id=?
]]></system-out>
  </testcase>
  <testcase name="testAgregarAdministradorAComunidad" classname="TestEntities.TestMiembro" time="0.014">
    <system-out><![CDATA[Hibernate: 
    select
        miembro0_.id as id1_17_0_,
        miembro0_.apellido as apellido2_17_0_,
        miembro0_.deptoId as deptoid9_17_0_,
        miembro0_.mail as mail3_17_0_,
        miembro0_.medioNotificacion as medionot4_17_0_,
        miembro0_.nombre as nombre5_17_0_,
        miembro0_.telefono as telefono6_17_0_,
        miembro0_.tipo as tipo7_17_0_,
        miembro0_.ultimaNotificacion as ultimano8_17_0_,
        miembro0_.usuario_id as usuario10_17_0_,
        localizaci1_.id as id1_15_1_,
        localizaci1_.nombre as nombre2_15_1_,
        localizaci1_.provincia_id as provinci1_7_1_,
        localizaci1_.departamento as departam1_21_1_,
        localizaci1_.provincia as provinci2_21_1_,
        localizaci1_.clazz_ as clazz_1_ 
    from
        Miembro miembro0_ 
    left outer join
        (
            select
                id,
                nombre,
                provincia_id,
                null as departamento,
                null as provincia,
                1 as clazz_ 
            from
                Departamento 
            union
            all select
                id,
                nombre,
                null as provincia_id,
                null as departamento,
                null as provincia,
                2 as clazz_ 
            from
                Provincia 
            union
            all select
                id,
                nombre,
                null as provincia_id,
                departamento,
                provincia,
                3 as clazz_ 
            from
                Municipio 
        ) localizaci1_ 
            on miembro0_.deptoId=localizaci1_.id 
    where
        miembro0_.id=?
Hibernate: 
    select
        administra0_.comunidad_id as comunida1_0_0_,
        administra0_.miembro_id as miembro_2_0_0_,
        miembro1_.id as id1_17_1_,
        miembro1_.apellido as apellido2_17_1_,
        miembro1_.deptoId as deptoid9_17_1_,
        miembro1_.mail as mail3_17_1_,
        miembro1_.medioNotificacion as medionot4_17_1_,
        miembro1_.nombre as nombre5_17_1_,
        miembro1_.telefono as telefono6_17_1_,
        miembro1_.tipo as tipo7_17_1_,
        miembro1_.ultimaNotificacion as ultimano8_17_1_,
        miembro1_.usuario_id as usuario10_17_1_,
        localizaci2_.id as id1_15_2_,
        localizaci2_.nombre as nombre2_15_2_,
        localizaci2_.provincia_id as provinci1_7_2_,
        localizaci2_.departamento as departam1_21_2_,
        localizaci2_.provincia as provinci2_21_2_,
        localizaci2_.clazz_ as clazz_2_ 
    from
        administrador_comunidad administra0_ 
    inner join
        Miembro miembro1_ 
            on administra0_.miembro_id=miembro1_.id 
    left outer join
        (
            select
                id,
                nombre,
                provincia_id,
                null as departamento,
                null as provincia,
                1 as clazz_ 
            from
                Departamento 
            union
            all select
                id,
                nombre,
                null as provincia_id,
                null as departamento,
                null as provincia,
                2 as clazz_ 
            from
                Provincia 
            union
            all select
                id,
                nombre,
                null as provincia_id,
                departamento,
                provincia,
                3 as clazz_ 
            from
                Municipio 
        ) localizaci2_ 
            on miembro1_.deptoId=localizaci2_.id 
    where
        administra0_.comunidad_id=?
Hibernate: 
    delete 
    from
        administrador_comunidad 
    where
        comunidad_id=?
Hibernate: 
    insert 
    into
        administrador_comunidad
        (comunidad_id, miembro_id) 
    values
        (?, ?)
Hibernate: 
    insert 
    into
        administrador_comunidad
        (comunidad_id, miembro_id) 
    values
        (?, ?)
Hibernate: 
    insert 
    into
        administrador_comunidad
        (comunidad_id, miembro_id) 
    values
        (?, ?)
]]></system-out>
  </testcase>
</testsuite>